

Started GET "/" for 127.0.0.1 at 2011-08-25 22:04:05 -0300
  Processing by InternshipsController#index as HTML
Rendered internships/_internships.html.erb (53.6ms)
Rendered internships/index.html.erb within layouts/application (57.7ms)
Completed 200 OK in 94ms (Views: 61.7ms | ActiveRecord: 0.5ms)


Started GET "/stylesheets/index.css?1314317479" for 127.0.0.1 at 2011-08-25 22:04:05 -0300

ActionController::RoutingError (No route matches "/stylesheets/index.css"):
  

Rendered /Users/pacman/.rvm/gems/ruby-1.9.2-p0/gems/actionpack-3.0.9/lib/action_dispatch/middleware/templates/rescues/routing_error.erb within rescues/layout (1.0ms)


Started GET "/javascripts/_jquery-ui-1.8.16.min.js?1314237942" for 127.0.0.1 at 2011-08-25 22:04:05 -0300

ActionController::RoutingError (No route matches "/javascripts/_jquery-ui-1.8.16.min.js"):
  

Rendered /Users/pacman/.rvm/gems/ruby-1.9.2-p0/gems/actionpack-3.0.9/lib/action_dispatch/middleware/templates/rescues/routing_error.erb within rescues/layout (1.0ms)


Started GET "/javascripts/_jquery-1.5.1.min.js?1300229807" for 127.0.0.1 at 2011-08-25 22:04:05 -0300

ActionController::RoutingError (No route matches "/javascripts/_jquery-1.5.1.min.js"):
  

Rendered /Users/pacman/.rvm/gems/ruby-1.9.2-p0/gems/actionpack-3.0.9/lib/action_dispatch/middleware/templates/rescues/routing_error.erb within rescues/layout (0.9ms)


Started GET "/javascripts/wak-animate.js?1314314854" for 127.0.0.1 at 2011-08-25 22:04:05 -0300

ActionController::RoutingError (No route matches "/javascripts/wak-animate.js"):
  

Rendered /Users/pacman/.rvm/gems/ruby-1.9.2-p0/gems/actionpack-3.0.9/lib/action_dispatch/middleware/templates/rescues/routing_error.erb within rescues/layout (1.1ms)


Started GET "/javascripts/application.js?1314236091" for 127.0.0.1 at 2011-08-25 22:04:05 -0300

ActionController::RoutingError (No route matches "/javascripts/application.js"):
  

Rendered /Users/pacman/.rvm/gems/ruby-1.9.2-p0/gems/actionpack-3.0.9/lib/action_dispatch/middleware/templates/rescues/routing_error.erb within rescues/layout (0.9ms)


Started GET "/javascripts/internship-add.js?1314239506" for 127.0.0.1 at 2011-08-25 22:04:05 -0300

ActionController::RoutingError (No route matches "/javascripts/internship-add.js"):
  

Rendered /Users/pacman/.rvm/gems/ruby-1.9.2-p0/gems/actionpack-3.0.9/lib/action_dispatch/middleware/templates/rescues/routing_error.erb within rescues/layout (1.1ms)


Started GET "/javascripts/_jquery-ui-1.8.16.min.js?1314237942" for 127.0.0.1 at 2011-08-25 22:04:05 -0300

ActionController::RoutingError (No route matches "/javascripts/_jquery-ui-1.8.16.min.js"):
  

Rendered /Users/pacman/.rvm/gems/ruby-1.9.2-p0/gems/actionpack-3.0.9/lib/action_dispatch/middleware/templates/rescues/routing_error.erb within rescues/layout (0.9ms)


Started GET "/javascripts/internship-add.js?1314239506" for 127.0.0.1 at 2011-08-25 22:04:05 -0300

ActionController::RoutingError (No route matches "/javascripts/internship-add.js"):
  

Rendered /Users/pacman/.rvm/gems/ruby-1.9.2-p0/gems/actionpack-3.0.9/lib/action_dispatch/middleware/templates/rescues/routing_error.erb within rescues/layout (0.8ms)


Started GET "/javascripts/wak-animate.js?1314314854" for 127.0.0.1 at 2011-08-25 22:04:05 -0300

ActionController::RoutingError (No route matches "/javascripts/wak-animate.js"):
  

Rendered /Users/pacman/.rvm/gems/ruby-1.9.2-p0/gems/actionpack-3.0.9/lib/action_dispatch/middleware/templates/rescues/routing_error.erb within rescues/layout (1.0ms)


Started GET "/javascripts/application.js?1314236091" for 127.0.0.1 at 2011-08-25 22:04:05 -0300

ActionController::RoutingError (No route matches "/javascripts/application.js"):
  

Rendered /Users/pacman/.rvm/gems/ruby-1.9.2-p0/gems/actionpack-3.0.9/lib/action_dispatch/middleware/templates/rescues/routing_error.erb within rescues/layout (0.8ms)


Started GET "/stylesheets/index.css" for 127.0.0.1 at 2011-08-25 22:05:56 -0300

ActionController::RoutingError (No route matches "/stylesheets/index.css"):
  

Rendered /Users/pacman/.rvm/gems/ruby-1.9.2-p0/gems/actionpack-3.0.9/lib/action_dispatch/middleware/templates/rescues/routing_error.erb within rescues/layout (0.8ms)


Started GET "/robots.txt" for 127.0.0.1 at 2011-08-25 22:11:05 -0300

ActionController::RoutingError (No route matches "/robots.txt"):
  

Rendered /Users/pacman/.rvm/gems/ruby-1.9.2-p0/gems/actionpack-3.0.9/lib/action_dispatch/middleware/templates/rescues/routing_error.erb within rescues/layout (0.8ms)
